{"name": "Form submission", "status": "broken", "statusDetails": {"message": "selenium.common.exceptions.ElementClickInterceptedException: Message: element click intercepted: Element is not clickable at point (756, 848)\n  (Session info: MicrosoftEdge=145.0.3800.65); For documentation on this error, please visit: https://www.selenium.dev/documentation/webdriver/troubleshooting/errors#elementclickinterceptedexception\nStacktrace:\nSymbols not available. Dumping unresolved backtrace:\n\t0x7ff776426a55\n\t0x7ff776426ab4\n\t0x7ff77676ad7a\n\t0x7ff7761c95dd\n\t0x7ff7761c7aaf\n\t0x7ff7761c58b6\n\t0x7ff7761c4ced\n\t0x7ff7761ba8bd\n\t0x7ff7761e42ba\n\t0x7ff7761ba307\n\t0x7ff7761ba20d\n\t0x7ff7761ba307\n\t0x7ff7761ff1e7\n\t0x7ff7761b9a1c\n\t0x7ff7761b8c76\n\t0x7ff7761b9843\n\t0x7ff776280474\n\t0x7ff77627c913\n\t0x7ff77628cfd3\n\t0x7ff776441138\n\t0x7ff776449a16\n\t0x7ff77642e094\n\t0x7ff77642e1d9\n\t0x7ff77641c012\n\t0x7ffd1847e8d7\n\t0x7ffd198ec40c", "trace": "@allure.title(\"Form submission\")\n    @allure.description(\"Enter the given details and Submit the form.\")\n    def test_form_submission():\n        driver = webdriver.Edge()\n        driver.get(\"https://selectorshub.com/xpath-practice-page/\")\n        driver.maximize_window()\n    \n        # Scroll down & Locating form and elements\n        form_heading = driver.find_element(By.XPATH, \"//h2[contains(text(),'Payment Details')]\")\n        driver.execute_script(\"arguments[0].scrollIntoView(true);\", form_heading)\n    \n        name_on_card = driver.find_element(By.ID, \"cardName\")\n        name_on_card.send_keys(\"Jackson Thompson\")\n    \n        card_number = driver.find_element(By.ID, \"cardNumber\")\n        card_number.send_keys(\"4047584829451267\")\n    \n        expiry_date = driver.find_element(By.ID, \"expiry\")\n        expiry_date.send_keys(\"02/31\")\n    \n        cvv = driver.find_element(By.ID, \"cvv\")\n        cvv.send_keys(\"840\")\n    \n        pay_rs_999 = driver.find_element(By.XPATH, \"//button[contains(text(),'Pay â‚¹999')]\")\n        driver.execute_script(\"arguments[0].scrollIntoView(true);\", pay_rs_999)\n>       pay_rs_999.click()\n\nsrc\\ex_13_Windows_IFrame\\test_task3_15012026.py:45: \n_ _ _ _ _ _ _ _ _ _ _ _ _ _ _ _ _ _ _ _ _ _ _ _ _ _ _ _ _ _ _ _ _ _ _ _ _ _ _ _ _ _ _ _ _ _ _ _ _ _ _ _ _ _ _ _ _ _ _ _ _ _ _ _ _ _ _ _ _ _ _ _ _ _ _ _ _ _ _ _ _ _ _ _ _ _ _ _ _ _ _ _ _ _ _ _ _ _ _ _ _ _ _ _ _ _ _ _ _ _ _ _ _ _\n.venv\\Lib\\site-packages\\selenium\\webdriver\\remote\\webelement.py:114: in click\n    self._execute(Command.CLICK_ELEMENT)\n.venv\\Lib\\site-packages\\selenium\\webdriver\\remote\\webelement.py:508: in _execute\n    return self._parent.execute(command, params)\n           ^^^^^^^^^^^^^^^^^^^^^^^^^^^^^^^^^^^^^\n.venv\\Lib\\site-packages\\selenium\\webdriver\\remote\\webdriver.py:432: in execute\n    self.error_handler.check_response(response)\n_ _ _ _ _ _ _ _ _ _ _ _ _ _ _ _ _ _ _ _ _ _ _ _ _ _ _ _ _ _ _ _ _ _ _ _ _ _ _ _ _ _ _ _ _ _ _ _ _ _ _ _ _ _ _ _ _ _ _ _ _ _ _ _ _ _ _ _ _ _ _ _ _ _ _ _ _ _ _ _ _ _ _ _ _ _ _ _ _ _ _ _ _ _ _ _ _ _ _ _ _ _ _ _ _ _ _ _ _ _ _ _ _ _\n\nself = <selenium.webdriver.remote.errorhandler.ErrorHandler object at 0x00000148B1A01940>\nresponse = {'status': 400, 'value': '{\"value\":{\"error\":\"element click intercepted\",\"message\":\"element click intercepted: Element ...ff776449a16\\\\n\\\\t0x7ff77642e094\\\\n\\\\t0x7ff77642e1d9\\\\n\\\\t0x7ff77641c012\\\\n\\\\t0x7ffd1847e8d7\\\\n\\\\t0x7ffd198ec40c\\\\n\"}}'}\n\n    def check_response(self, response: dict[str, Any]) -> None:\n        \"\"\"Check that a JSON response from the WebDriver does not have an error.\n    \n        Args:\n            response: The JSON response from the WebDriver server as a dictionary\n                object.\n    \n        Raises:\n            WebDriverException: If the response contains an error message.\n        \"\"\"\n        status = response.get(\"status\", None)\n        if not status or status == ErrorCode.SUCCESS:\n            return\n        value = None\n        message = response.get(\"message\", \"\")\n        screen: str = response.get(\"screen\", \"\")\n        stacktrace = None\n        if isinstance(status, int):\n            value_json = response.get(\"value\", None)\n            if value_json and isinstance(value_json, str):\n                try:\n                    value = json.loads(value_json)\n                    if isinstance(value, dict):\n                        if len(value) == 1:\n                            value = value[\"value\"]\n                        status = value.get(\"error\", None)\n                        if not status:\n                            status = value.get(\"status\", ErrorCode.UNKNOWN_ERROR)\n                            message = value.get(\"value\") or value.get(\"message\")\n                            if not isinstance(message, str):\n                                value = message\n                                message = message.get(\"message\") if isinstance(message, dict) else None\n                        else:\n                            message = value.get(\"message\", None)\n                except ValueError:\n                    pass\n    \n        exception_class: type[WebDriverException]\n        e = ErrorCode()\n        error_codes = [item for item in dir(e) if not item.startswith(\"__\")]\n        for error_code in error_codes:\n            error_info = getattr(ErrorCode, error_code)\n            if isinstance(error_info, list) and status in error_info:\n                exception_class = getattr(ExceptionMapping, error_code, WebDriverException)\n                break\n        else:\n            exception_class = WebDriverException\n    \n        if not value:\n            value = response[\"value\"]\n        if isinstance(value, str):\n            raise exception_class(value)\n        if message == \"\" and \"message\" in value:\n            message = value[\"message\"]\n    \n        screen = None  # type: ignore[assignment]\n        if \"screen\" in value:\n            screen = value[\"screen\"]\n    \n        stacktrace = None\n        st_value = value.get(\"stackTrace\") or value.get(\"stacktrace\")\n        if st_value:\n            if isinstance(st_value, str):\n                stacktrace = st_value.split(\"\\n\")\n            else:\n                stacktrace = []\n                try:\n                    for frame in st_value:\n                        line = frame.get(\"lineNumber\", \"\")\n                        file = frame.get(\"fileName\", \"<anonymous>\")\n                        if line:\n                            file = f\"{file}:{line}\"\n                        meth = frame.get(\"methodName\", \"<anonymous>\")\n                        if \"className\" in frame:\n                            meth = f\"{frame['className']}.{meth}\"\n                        msg = \"    at %s (%s)\"\n                        msg = msg % (meth, file)\n                        stacktrace.append(msg)\n                except TypeError:\n                    pass\n        if exception_class == UnexpectedAlertPresentException:\n            alert_text = None\n            if \"data\" in value:\n                alert_text = value[\"data\"].get(\"text\")\n            elif \"alert\" in value:\n                alert_text = value[\"alert\"].get(\"text\")\n            raise exception_class(message, screen, stacktrace, alert_text)  # type: ignore[call-arg]  # mypy is not smart enough here\n>       raise exception_class(message, screen, stacktrace)\nE       selenium.common.exceptions.ElementClickInterceptedException: Message: element click intercepted: Element is not clickable at point (756, 848)\nE         (Session info: MicrosoftEdge=145.0.3800.65); For documentation on this error, please visit: https://www.selenium.dev/documentation/webdriver/troubleshooting/errors#elementclickinterceptedexception\nE       Stacktrace:\nE       Symbols not available. Dumping unresolved backtrace:\nE       \t0x7ff776426a55\nE       \t0x7ff776426ab4\nE       \t0x7ff77676ad7a\nE       \t0x7ff7761c95dd\nE       \t0x7ff7761c7aaf\nE       \t0x7ff7761c58b6\nE       \t0x7ff7761c4ced\nE       \t0x7ff7761ba8bd\nE       \t0x7ff7761e42ba\nE       \t0x7ff7761ba307\nE       \t0x7ff7761ba20d\nE       \t0x7ff7761ba307\nE       \t0x7ff7761ff1e7\nE       \t0x7ff7761b9a1c\nE       \t0x7ff7761b8c76\nE       \t0x7ff7761b9843\nE       \t0x7ff776280474\nE       \t0x7ff77627c913\nE       \t0x7ff77628cfd3\nE       \t0x7ff776441138\nE       \t0x7ff776449a16\nE       \t0x7ff77642e094\nE       \t0x7ff77642e1d9\nE       \t0x7ff77641c012\nE       \t0x7ffd1847e8d7\nE       \t0x7ffd198ec40c\n\n.venv\\Lib\\site-packages\\selenium\\webdriver\\remote\\errorhandler.py:232: ElementClickInterceptedException"}, "description": "Enter the given details and Submit the form.", "start": 1771427009157, "stop": 1771427019099, "uuid": "6f4b3df2-f6b7-48a3-a9e8-6b348d8eaeb5", "historyId": "3443d432fc265cb3b064b079ff4ed33c", "testCaseId": "3443d432fc265cb3b064b079ff4ed33c", "fullName": "src.ex_13_Windows_IFrame.test_task3_15012026#test_form_submission", "labels": [{"name": "parentSuite", "value": "src.ex_13_Windows_IFrame"}, {"name": "suite", "value": "test_task3_15012026"}, {"name": "host", "value": "SYNTHESIS"}, {"name": "thread", "value": "13872-MainThread"}, {"name": "framework", "value": "pytest"}, {"name": "language", "value": "cpython3"}, {"name": "package", "value": "src.ex_13_Windows_IFrame.test_task3_15012026"}], "titlePath": ["src", "ex_13_Windows_IFrame", "test_task3_15012026.py"]}